{"/home/lesimoes/Work/personal/firma/backend/src/application/use-cases/user/AddUser.ts": {"path":"/home/lesimoes/Work/personal/firma/backend/src/application/use-cases/user/AddUser.ts","statementMap":{"0":{"start":{"line":8,"column":8},"end":{"line":8,"column":45}},"1":{"start":{"line":13,"column":29},"end":{"line":13,"column":78}},"2":{"start":{"line":15,"column":8},"end":{"line":17,"column":null}},"3":{"start":{"line":16,"column":12},"end":{"line":16,"column":52}},"4":{"start":{"line":18,"column":8},"end":{"line":18,"column":45}},"5":{"start":{"line":4,"column":0},"end":{"line":4,"column":13}}},"fnMap":{"0":{"name":"(anonymous_7)","decl":{"start":{"line":7,"column":4},"end":{"line":7,"column":17}},"loc":{"start":{"line":7,"column":47},"end":{"line":9,"column":5}}},"1":{"name":"(anonymous_8)","decl":{"start":{"line":11,"column":10},"end":{"line":11,"column":17}},"loc":{"start":{"line":11,"column":29},"end":{"line":19,"column":null}}}},"branchMap":{"0":{"loc":{"start":{"line":15,"column":8},"end":{"line":17,"column":null}},"type":"if","locations":[{"start":{"line":15,"column":8},"end":{"line":17,"column":null}}]}},"s":{"0":3,"1":3,"2":2,"3":2,"4":0,"5":2},"f":{"0":3,"1":3},"b":{"0":[2]}}
,"/home/lesimoes/Work/personal/firma/backend/src/application/use-cases/user/ListUser.ts": {"path":"/home/lesimoes/Work/personal/firma/backend/src/application/use-cases/user/ListUser.ts","statementMap":{"0":{"start":{"line":8,"column":8},"end":{"line":8,"column":45}},"1":{"start":{"line":12,"column":8},"end":{"line":12,"column":42}},"2":{"start":{"line":4,"column":0},"end":{"line":4,"column":13}}},"fnMap":{"0":{"name":"(anonymous_7)","decl":{"start":{"line":7,"column":4},"end":{"line":7,"column":17}},"loc":{"start":{"line":7,"column":47},"end":{"line":9,"column":5}}},"1":{"name":"(anonymous_8)","decl":{"start":{"line":11,"column":10},"end":{"line":11,"column":17}},"loc":{"start":{"line":11,"column":17},"end":{"line":13,"column":null}}}},"branchMap":{},"s":{"0":3,"1":2,"2":2},"f":{"0":3,"1":2},"b":{}}
,"/home/lesimoes/Work/personal/firma/backend/src/domain/user/User.ts": {"path":"/home/lesimoes/Work/personal/firma/backend/src/domain/user/User.ts","statementMap":{"0":{"start":{"line":17,"column":8},"end":{"line":17,"column":21}},"1":{"start":{"line":18,"column":8},"end":{"line":18,"column":25}},"2":{"start":{"line":19,"column":8},"end":{"line":19,"column":27}},"3":{"start":{"line":20,"column":8},"end":{"line":20,"column":31}},"4":{"start":{"line":21,"column":8},"end":{"line":21,"column":23}},"5":{"start":{"line":22,"column":8},"end":{"line":22,"column":41}},"6":{"start":{"line":1,"column":0},"end":{"line":1,"column":13}}},"fnMap":{"0":{"name":"(anonymous_0)","decl":{"start":{"line":9,"column":4},"end":{"line":9,"column":null}},"loc":{"start":{"line":15,"column":19},"end":{"line":23,"column":5}}}},"branchMap":{},"s":{"0":0,"1":0,"2":0,"3":0,"4":0,"5":0,"6":1},"f":{"0":0},"b":{}}
,"/home/lesimoes/Work/personal/firma/backend/src/domain/user/UserFactory.ts": {"path":"/home/lesimoes/Work/personal/firma/backend/src/domain/user/UserFactory.ts","statementMap":{"0":{"start":{"line":1,"column":0},"end":{"line":1,"column":30}},"1":{"start":{"line":6,"column":60},"end":{"line":6,"column":64}},"2":{"start":{"line":7,"column":21},"end":{"line":7,"column":70}},"3":{"start":{"line":9,"column":8},"end":{"line":9,"column":20}},"4":{"start":{"line":3,"column":0},"end":{"line":3,"column":13}}},"fnMap":{"0":{"name":"(anonymous_0)","decl":{"start":{"line":5,"column":11},"end":{"line":5,"column":17}},"loc":{"start":{"line":5,"column":35},"end":{"line":10,"column":5}}}},"branchMap":{},"s":{"0":1,"1":0,"2":0,"3":0,"4":1},"f":{"0":0},"b":{}}
,"/home/lesimoes/Work/personal/firma/backend/src/infra/http/controllers/user/AddUserController.ts": {"path":"/home/lesimoes/Work/personal/firma/backend/src/infra/http/controllers/user/AddUserController.ts","statementMap":{"0":{"start":{"line":3,"column":0},"end":{"line":3,"column":73}},"1":{"start":{"line":4,"column":0},"end":{"line":4,"column":66}},"2":{"start":{"line":5,"column":0},"end":{"line":5,"column":53}},"3":{"start":{"line":6,"column":0},"end":{"line":6,"column":67}},"4":{"start":{"line":7,"column":0},"end":{"line":7,"column":54}},"5":{"start":{"line":13,"column":26},"end":{"line":13,"column":68}},"6":{"start":{"line":14,"column":8},"end":{"line":18,"column":null}},"7":{"start":{"line":15,"column":12},"end":{"line":17,"column":null}},"8":{"start":{"line":20,"column":21},"end":{"line":20,"column":49}},"9":{"start":{"line":21,"column":31},"end":{"line":21,"column":41}},"10":{"start":{"line":22,"column":24},"end":{"line":22,"column":51}},"11":{"start":{"line":24,"column":8},"end":{"line":24,"column":30}},"12":{"start":{"line":26,"column":8},"end":{"line":29,"column":null}},"13":{"start":{"line":9,"column":0},"end":{"line":9,"column":13}}},"fnMap":{"0":{"name":"(anonymous_8)","decl":{"start":{"line":11,"column":10},"end":{"line":11,"column":16}},"loc":{"start":{"line":11,"column":33},"end":{"line":30,"column":null}}}},"branchMap":{"0":{"loc":{"start":{"line":14,"column":8},"end":{"line":18,"column":null}},"type":"if","locations":[{"start":{"line":14,"column":8},"end":{"line":18,"column":null}}]}},"s":{"0":1,"1":1,"2":1,"3":1,"4":1,"5":2,"6":2,"7":1,"8":1,"9":1,"10":1,"11":1,"12":1,"13":1},"f":{"0":2},"b":{"0":[1]}}
,"/home/lesimoes/Work/personal/firma/backend/src/infra/http/controllers/user/ListUserController.ts": {"path":"/home/lesimoes/Work/personal/firma/backend/src/infra/http/controllers/user/ListUserController.ts","statementMap":{"0":{"start":{"line":3,"column":0},"end":{"line":3,"column":53}},"1":{"start":{"line":4,"column":0},"end":{"line":4,"column":75}},"2":{"start":{"line":5,"column":0},"end":{"line":5,"column":54}},"3":{"start":{"line":11,"column":31},"end":{"line":11,"column":41}},"4":{"start":{"line":12,"column":24},"end":{"line":12,"column":52}},"5":{"start":{"line":14,"column":22},"end":{"line":14,"column":45}},"6":{"start":{"line":15,"column":8},"end":{"line":18,"column":null}},"7":{"start":{"line":7,"column":0},"end":{"line":7,"column":13}}},"fnMap":{"0":{"name":"(anonymous_8)","decl":{"start":{"line":9,"column":10},"end":{"line":9,"column":16}},"loc":{"start":{"line":9,"column":16},"end":{"line":19,"column":null}}}},"branchMap":{},"s":{"0":1,"1":1,"2":1,"3":1,"4":1,"5":1,"6":1,"7":1},"f":{"0":1},"b":{}}
,"/home/lesimoes/Work/personal/firma/backend/src/infra/http/utils/HttpEnum.ts": {"path":"/home/lesimoes/Work/personal/firma/backend/src/infra/http/utils/HttpEnum.ts","statementMap":{"0":{"start":{"line":1,"column":0},"end":{"line":1,"column":null}},"1":{"start":{"line":2,"column":4},"end":{"line":2,"column":null}},"2":{"start":{"line":3,"column":4},"end":{"line":3,"column":null}},"3":{"start":{"line":4,"column":4},"end":{"line":4,"column":null}},"4":{"start":{"line":5,"column":4},"end":{"line":5,"column":null}},"5":{"start":{"line":8,"column":0},"end":{"line":8,"column":null}},"6":{"start":{"line":9,"column":4},"end":{"line":9,"column":null}},"7":{"start":{"line":10,"column":4},"end":{"line":10,"column":null}},"8":{"start":{"line":11,"column":4},"end":{"line":11,"column":null}},"9":{"start":{"line":12,"column":4},"end":{"line":12,"column":null}}},"fnMap":{"0":{"name":"(anonymous_0)","decl":{"start":{"line":1,"column":0},"end":{"line":1,"column":12}},"loc":{"start":{"line":1,"column":26},"end":{"line":6,"column":1}}},"1":{"name":"(anonymous_1)","decl":{"start":{"line":8,"column":0},"end":{"line":8,"column":12}},"loc":{"start":{"line":8,"column":26},"end":{"line":13,"column":1}}}},"branchMap":{"0":{"loc":{"start":{"line":1,"column":12},"end":{"line":1,"column":null}},"type":"binary-expr","locations":[{"start":{"line":1,"column":12},"end":{"line":1,"column":26}},{"start":{"line":1,"column":12},"end":{"line":1,"column":null}}]},"1":{"loc":{"start":{"line":8,"column":12},"end":{"line":8,"column":null}},"type":"binary-expr","locations":[{"start":{"line":8,"column":12},"end":{"line":8,"column":26}},{"start":{"line":8,"column":12},"end":{"line":8,"column":null}}]}},"s":{"0":2,"1":2,"2":2,"3":2,"4":2,"5":2,"6":2,"7":2,"8":2,"9":2},"f":{"0":2,"1":2},"b":{"0":[2,2],"1":[2,2]}}
,"/home/lesimoes/Work/personal/firma/backend/src/infra/http/validation/UserValidation.ts": {"path":"/home/lesimoes/Work/personal/firma/backend/src/infra/http/validation/UserValidation.ts","statementMap":{"0":{"start":{"line":1,"column":0},"end":{"line":1,"column":22}},"1":{"start":{"line":3,"column":26},"end":{"line":9,"column":2}},"2":{"start":{"line":12,"column":4},"end":{"line":12,"column":21}}},"fnMap":{},"branchMap":{},"s":{"0":1,"1":1,"2":1},"f":{},"b":{}}
,"/home/lesimoes/Work/personal/firma/backend/src/infra/schemas/UserSchema.ts": {"path":"/home/lesimoes/Work/personal/firma/backend/src/infra/schemas/UserSchema.ts","statementMap":{"0":{"start":{"line":1,"column":0},"end":{"line":1,"column":48}},"1":{"start":{"line":12,"column":8},"end":{"line":18,"column":null}},"2":{"start":{"line":19,"column":8},"end":{"line":19,"column":47}},"3":{"start":{"line":23,"column":8},"end":{"line":23,"column":38}},"4":{"start":{"line":26,"column":8},"end":{"line":26,"column":39}},"5":{"start":{"line":31,"column":8},"end":{"line":33,"column":18}},"6":{"start":{"line":37,"column":25},"end":{"line":39,"column":10}},"7":{"start":{"line":41,"column":8},"end":{"line":41,"column":40}},"8":{"start":{"line":46,"column":0},"end":{"line":46,"column":32}}},"fnMap":{"0":{"name":"(anonymous_7)","decl":{"start":{"line":11,"column":4},"end":{"line":11,"column":null}},"loc":{"start":{"line":11,"column":4},"end":{"line":20,"column":5}}},"1":{"name":"(anonymous_8)","decl":{"start":{"line":22,"column":4},"end":{"line":22,"column":7}},"loc":{"start":{"line":22,"column":18},"end":{"line":24,"column":5}}},"2":{"name":"(anonymous_9)","decl":{"start":{"line":25,"column":4},"end":{"line":25,"column":8}},"loc":{"start":{"line":25,"column":8},"end":{"line":27,"column":5}}},"3":{"name":"(anonymous_10)","decl":{"start":{"line":29,"column":4},"end":{"line":29,"column":15}},"loc":{"start":{"line":29,"column":29},"end":{"line":34,"column":5}}},"4":{"name":"(anonymous_11)","decl":{"start":{"line":36,"column":10},"end":{"line":36,"column":16}},"loc":{"start":{"line":36,"column":27},"end":{"line":42,"column":null}}}},"branchMap":{},"s":{"0":1,"1":1,"2":1,"3":0,"4":0,"5":1,"6":0,"7":0,"8":1},"f":{"0":1,"1":0,"2":0,"3":1,"4":0},"b":{}}
}
