TN:
SF:src/application/use-cases/user/AddUser.ts
FN:7,(anonymous_7)
FN:11,(anonymous_8)
FNF:2
FNH:2
FNDA:3,(anonymous_7)
FNDA:3,(anonymous_8)
DA:4,2
DA:8,3
DA:13,3
DA:15,2
DA:16,2
DA:18,0
LF:6
LH:5
BRDA:15,0,0,2
BRF:1
BRH:1
end_of_record
TN:
SF:src/application/use-cases/user/ListUser.ts
FN:7,(anonymous_7)
FN:11,(anonymous_8)
FNF:2
FNH:2
FNDA:3,(anonymous_7)
FNDA:2,(anonymous_8)
DA:4,2
DA:8,3
DA:12,2
LF:3
LH:3
BRF:0
BRH:0
end_of_record
TN:
SF:src/domain/user/User.ts
FN:9,(anonymous_0)
FNF:1
FNH:0
FNDA:0,(anonymous_0)
DA:1,1
DA:17,0
DA:18,0
DA:19,0
DA:20,0
DA:21,0
DA:22,0
LF:7
LH:1
BRF:0
BRH:0
end_of_record
TN:
SF:src/domain/user/UserFactory.ts
FN:5,(anonymous_0)
FNF:1
FNH:0
FNDA:0,(anonymous_0)
DA:1,1
DA:3,1
DA:6,0
DA:7,0
DA:9,0
LF:5
LH:2
BRF:0
BRH:0
end_of_record
TN:
SF:src/infra/http/controllers/user/AddUserController.ts
FN:11,(anonymous_8)
FNF:1
FNH:1
FNDA:2,(anonymous_8)
DA:3,1
DA:4,1
DA:5,1
DA:6,1
DA:7,1
DA:9,1
DA:13,2
DA:14,2
DA:15,1
DA:20,1
DA:21,1
DA:22,1
DA:24,1
DA:26,1
LF:14
LH:14
BRDA:14,0,0,1
BRF:1
BRH:1
end_of_record
TN:
SF:src/infra/http/controllers/user/ListUserController.ts
FN:9,(anonymous_8)
FNF:1
FNH:1
FNDA:1,(anonymous_8)
DA:3,1
DA:4,1
DA:5,1
DA:7,1
DA:11,1
DA:12,1
DA:14,1
DA:15,1
LF:8
LH:8
BRF:0
BRH:0
end_of_record
TN:
SF:src/infra/http/utils/HttpEnum.ts
FN:1,(anonymous_0)
FN:8,(anonymous_1)
FNF:2
FNH:2
FNDA:2,(anonymous_0)
FNDA:2,(anonymous_1)
DA:1,2
DA:2,2
DA:3,2
DA:4,2
DA:5,2
DA:8,2
DA:9,2
DA:10,2
DA:11,2
DA:12,2
LF:10
LH:10
BRDA:1,0,0,2
BRDA:1,0,1,2
BRDA:8,1,0,2
BRDA:8,1,1,2
BRF:4
BRH:4
end_of_record
TN:
SF:src/infra/http/validation/UserValidation.ts
FNF:0
FNH:0
DA:1,1
DA:3,1
DA:12,1
LF:3
LH:3
BRF:0
BRH:0
end_of_record
TN:
SF:src/infra/schemas/UserSchema.ts
FN:11,(anonymous_7)
FN:22,(anonymous_8)
FN:25,(anonymous_9)
FN:29,(anonymous_10)
FN:36,(anonymous_11)
FNF:5
FNH:2
FNDA:1,(anonymous_7)
FNDA:0,(anonymous_8)
FNDA:0,(anonymous_9)
FNDA:1,(anonymous_10)
FNDA:0,(anonymous_11)
DA:1,1
DA:12,1
DA:19,1
DA:23,0
DA:26,0
DA:31,1
DA:37,0
DA:41,0
DA:46,1
LF:9
LH:5
BRF:0
BRH:0
end_of_record
